<?xml version="1.0" encoding="UTF-8"?>
<testsuite xmlns:xsi="http://www.w3.org/2001/XMLSchema-instance" xsi:noNamespaceSchemaLocation="https://maven.apache.org/surefire/maven-surefire-plugin/xsd/surefire-test-report.xsd" name="com.drpicox.game.BlogTest" time="0.066" tests="2" errors="0" skipped="0" failures="0">
  <properties>
[...]
</properties>
  <testcase name="there_is_a_list_of_posts_service" classname="com.drpicox.game.BlogTest" time="0.034"/>
  <testcase name="read_one_post_by_id" classname="com.drpicox.game.BlogTest" time="0.008"/>
</testsuite>